<?xml version="1.0" encoding="UTF-8"?>
<!-- Generated by org.testng.reporters.JUnitReportReporter -->
<testsuite hostname="a-PC" name="com.qtpselenium.zoho.project.AppTest" tests="1" failures="0" timestamp="6 May 2016 05:19:59 GMT" time="0.001" errors="0">
  <testcase name="testApp" time="0.001" classname="com.qtpselenium.zoho.project.AppTest"/>
</testsuite> <!-- com.qtpselenium.zoho.project.AppTest -->
