<?xml version="1.0" encoding="UTF-8"?>
<!-- Generated by org.testng.reporters.JUnitReportReporter -->
<testsuite hostname="a-PC" name="testcases.TestC" tests="1" failures="0" timestamp="5 Apr 2016 04:42:23 GMT" time="14.421" errors="0">
  <testcase name="testC" time="14.421" classname="testcases.TestC"/>
</testsuite> <!-- testcases.TestC -->
