<?xml version="1.0" encoding="UTF-8"?>
<!-- Generated by org.testng.reporters.JUnitReportReporter -->
<testsuite hostname="a-PC" name="testcases.TestA" tests="3" failures="0" timestamp="5 Apr 2016 04:42:23 GMT" time="26.053" errors="0">
  <testcase name="testA" time="15.757" classname="testcases.TestA"/>
  <testcase name="testAA" time="5.232" classname="testcases.TestA"/>
  <testcase name="testAAA" time="5.064" classname="testcases.TestA"/>
</testsuite> <!-- testcases.TestA -->
