<?xml version="1.0" encoding="UTF-8"?>
<!-- Generated by org.testng.reporters.JUnitReportReporter -->
<testsuite hostname="a-PC" name="testcases.TestB" tests="1" failures="0" timestamp="5 Apr 2016 04:42:23 GMT" time="11.233" errors="0">
  <testcase name="testB" time="11.233" classname="testcases.TestB"/>
</testsuite> <!-- testcases.TestB -->
