<?xml version="1.0" encoding="UTF-8"?>
<!-- Generated by org.testng.reporters.JUnitReportReporter -->
<testsuite hostname="a-PC" name="testcases.TestC" tests="1" failures="0" timestamp="21 Oct 2016 08:41:39 GMT" time="13.029" errors="0">
  <testcase name="testC" time="13.029" classname="testcases.TestC"/>
</testsuite> <!-- testcases.TestC -->
