<?xml version="1.0" encoding="UTF-8"?>
<!-- Generated by org.testng.reporters.JUnitReportReporter -->
<testsuite hostname="a-PC" name="testcases.TestA" tests="1" failures="0" timestamp="21 Oct 2016 08:41:39 GMT" time="14.826" errors="0">
  <testcase name="testA" time="14.826" classname="testcases.TestA"/>
</testsuite> <!-- testcases.TestA -->
