<?xml version="1.0" encoding="UTF-8"?>
<!-- Generated by org.testng.reporters.JUnitReportReporter -->
<testsuite hostname="a-PC" name="com.qtpselenium.zoho.project.testcases.PotentialTest" tests="2" failures="0" timestamp="6 May 2016 05:19:59 GMT" time="63.577" errors="0">
  <testcase name="deletePotentialAccountTest" time="0.025" classname="com.qtpselenium.zoho.project.testcases.PotentialTest"/>
  <testcase name="createPotentialTest" time="63.552" classname="com.qtpselenium.zoho.project.testcases.PotentialTest"/>
</testsuite> <!-- com.qtpselenium.zoho.project.testcases.PotentialTest -->
